<?xml version="1.0" encoding="UTF-8"?>
<testsuite name="com.sewjo.main.MainApplicationTests" tests="1" skipped="0" failures="0" errors="0" timestamp="2024-07-03T06:37:39" hostname="NIOME" time="0.457">
  <properties/>
  <testcase name="contextLoads()" classname="com.sewjo.main.MainApplicationTests" time="0.457"/>
  <system-out><![CDATA[  .   ____          _            __ _ _
 /\\ / ___'_ __ _ _(_)_ __  __ _ \ \ \ \
( ( )\___ | '_ | '_| | '_ \/ _` | \ \ \ \
 \\/  ___)| |_)| | | | | || (_| |  ) ) ) )
  '  |____| .__|_| |_|_| |_\__, | / / / /
 =========|_|==============|___/=/_/_/_/

 :: Spring Boot ::                (v3.3.0)

2024-07-02T23:37:39.076-07:00  INFO 89148 --- [main] [    Test worker] com.sewjo.main.MainApplicationTests      : Starting MainApplicationTests using Java 17.0.11 with PID 89148 (started by athys in C:\Users\athys\Desktop\sewjo\server\main)
2024-07-02T23:37:39.077-07:00  INFO 89148 --- [main] [    Test worker] com.sewjo.main.MainApplicationTests      : No active profile set, falling back to 1 default profile: "default"
2024-07-02T23:37:39.112-07:00 DEBUG 89148 --- [main] [    Test worker] o.s.b.f.s.DefaultListableBeanFactory     : Creating shared instance of singleton bean 'org.springframework.context.annotation.internalConfigurationAnnotationProcessor'
2024-07-02T23:37:39.123-07:00 DEBUG 89148 --- [main] [    Test worker] o.s.b.f.s.DefaultListableBeanFactory     : Creating shared instance of singleton bean 'org.springframework.boot.autoconfigure.internalCachingMetadataReaderFactory'
2024-07-02T23:37:39.224-07:00 DEBUG 89148 --- [main] [    Test worker] o.s.b.f.s.DefaultListableBeanFactory     : Creating shared instance of singleton bean 'org.springframework.boot.test.mock.mockito.MockitoPostProcessor'
2024-07-02T23:37:39.229-07:00 DEBUG 89148 --- [main] [    Test worker] o.s.b.f.s.DefaultListableBeanFactory     : Creating shared instance of singleton bean 'org.springframework.context.event.internalEventListenerProcessor'
2024-07-02T23:37:39.230-07:00 DEBUG 89148 --- [main] [    Test worker] o.s.b.f.s.DefaultListableBeanFactory     : Creating shared instance of singleton bean 'org.springframework.context.event.internalEventListenerFactory'
2024-07-02T23:37:39.231-07:00 DEBUG 89148 --- [main] [    Test worker] o.s.b.f.s.DefaultListableBeanFactory     : Creating shared instance of singleton bean 'org.springframework.boot.test.mock.mockito.MockitoPostProcessor$SpyPostProcessor'
2024-07-02T23:37:39.232-07:00 DEBUG 89148 --- [main] [    Test worker] o.s.b.f.s.DefaultListableBeanFactory     : Creating shared instance of singleton bean 'org.springframework.context.annotation.internalAutowiredAnnotationProcessor'
2024-07-02T23:37:39.233-07:00 DEBUG 89148 --- [main] [    Test worker] o.s.b.f.s.DefaultListableBeanFactory     : Creating shared instance of singleton bean 'org.springframework.context.annotation.internalCommonAnnotationProcessor'
2024-07-02T23:37:39.235-07:00 DEBUG 89148 --- [main] [    Test worker] o.s.b.f.s.DefaultListableBeanFactory     : Creating shared instance of singleton bean 'org.springframework.context.annotation.internalPersistenceAnnotationProcessor'
2024-07-02T23:37:39.238-07:00 DEBUG 89148 --- [main] [    Test worker] o.s.b.f.s.DefaultListableBeanFactory     : Creating shared instance of singleton bean 'testConfiguration'
2024-07-02T23:37:39.246-07:00 DEBUG 89148 --- [main] [    Test worker] o.s.c.support.DefaultLifecycleProcessor  : Starting beans in phase -2147483647
2024-07-02T23:37:39.246-07:00 DEBUG 89148 --- [main] [    Test worker] o.s.c.support.DefaultLifecycleProcessor  : Successfully started bean 'springBootLoggingLifecycle'
2024-07-02T23:37:39.254-07:00  INFO 89148 --- [main] [    Test worker] com.sewjo.main.MainApplicationTests      : Started MainApplicationTests in 0.353 seconds (process running for 1.077)
]]></system-out>
  <system-err><![CDATA[]]></system-err>
</testsuite>
