<?xml version="1.0" encoding="UTF-8"?>
<testsuite name="com.sewjo.main.MainApplicationTests" tests="1" skipped="0" failures="0" errors="0" timestamp="2024-07-31T03:15:45" hostname="big-machine-4.local" time="1.12">
  <properties/>
  <testcase name="contextLoads()" classname="com.sewjo.main.MainApplicationTests" time="1.12"/>
  <system-out><![CDATA[
  .   ____          _            __ _ _
 /\\ / ___'_ __ _ _(_)_ __  __ _ \ \ \ \
( ( )\___ | '_ | '_| | '_ \/ _` | \ \ \ \
 \\/  ___)| |_)| | | | | || (_| |  ) ) ) )
  '  |____| .__|_| |_|_| |_\__, | / / / /
 =========|_|==============|___/=/_/_/_/

 :: Spring Boot ::                (v3.3.2)

2024-07-30T20:15:45.305-07:00  INFO 24998 --- [main] [    Test worker] com.sewjo.main.MainApplicationTests      : Starting MainApplicationTests using Java 17.0.8.1 with PID 24998 (started by jonathanung in /Users/jonathanung/Documents/202402SFU/CMPT 276/Project/sewjo/server/main)
2024-07-30T20:15:45.315-07:00  INFO 24998 --- [main] [    Test worker] com.sewjo.main.MainApplicationTests      : No active profile set, falling back to 1 default profile: "default"
2024-07-30T20:15:45.380-07:00 DEBUG 24998 --- [main] [    Test worker] o.s.b.f.s.DefaultListableBeanFactory     : Creating shared instance of singleton bean 'org.springframework.context.annotation.internalConfigurationAnnotationProcessor'
2024-07-30T20:15:45.393-07:00 DEBUG 24998 --- [main] [    Test worker] o.s.b.f.s.DefaultListableBeanFactory     : Creating shared instance of singleton bean 'org.springframework.boot.autoconfigure.internalCachingMetadataReaderFactory'
2024-07-30T20:15:45.647-07:00 DEBUG 24998 --- [main] [    Test worker] o.s.b.f.s.DefaultListableBeanFactory     : Creating shared instance of singleton bean 'org.springframework.boot.test.mock.mockito.MockitoPostProcessor'
2024-07-30T20:15:45.664-07:00 DEBUG 24998 --- [main] [    Test worker] o.s.b.f.s.DefaultListableBeanFactory     : Creating shared instance of singleton bean 'org.springframework.context.event.internalEventListenerProcessor'
2024-07-30T20:15:45.667-07:00 DEBUG 24998 --- [main] [    Test worker] o.s.b.f.s.DefaultListableBeanFactory     : Creating shared instance of singleton bean 'org.springframework.context.event.internalEventListenerFactory'
2024-07-30T20:15:45.670-07:00 DEBUG 24998 --- [main] [    Test worker] o.s.b.f.s.DefaultListableBeanFactory     : Creating shared instance of singleton bean 'org.springframework.boot.test.mock.mockito.MockitoPostProcessor$SpyPostProcessor'
2024-07-30T20:15:45.672-07:00 DEBUG 24998 --- [main] [    Test worker] o.s.b.f.s.DefaultListableBeanFactory     : Creating shared instance of singleton bean 'org.springframework.context.annotation.internalAutowiredAnnotationProcessor'
2024-07-30T20:15:45.674-07:00 DEBUG 24998 --- [main] [    Test worker] o.s.b.f.s.DefaultListableBeanFactory     : Creating shared instance of singleton bean 'org.springframework.context.annotation.internalCommonAnnotationProcessor'
2024-07-30T20:15:45.677-07:00 DEBUG 24998 --- [main] [    Test worker] o.s.b.f.s.DefaultListableBeanFactory     : Creating shared instance of singleton bean 'org.springframework.context.annotation.internalPersistenceAnnotationProcessor'
2024-07-30T20:15:45.683-07:00 DEBUG 24998 --- [main] [    Test worker] o.s.b.f.s.DefaultListableBeanFactory     : Creating shared instance of singleton bean 'testConfiguration'
2024-07-30T20:15:45.710-07:00 DEBUG 24998 --- [main] [    Test worker] o.s.c.support.DefaultLifecycleProcessor  : Starting beans in phase -2147483647
2024-07-30T20:15:45.711-07:00 DEBUG 24998 --- [main] [    Test worker] o.s.c.support.DefaultLifecycleProcessor  : Successfully started bean 'springBootLoggingLifecycle'
2024-07-30T20:15:45.729-07:00  INFO 24998 --- [main] [    Test worker] com.sewjo.main.MainApplicationTests      : Started MainApplicationTests in 0.921 seconds (process running for 2.378)
]]></system-out>
  <system-err><![CDATA[]]></system-err>
</testsuite>
