<?xml version="1.0" encoding="UTF-8"?>
<testsuite name="com.sewjo.main.MainApplicationTests" tests="1" skipped="0" failures="0" errors="0" timestamp="2024-08-02T18:48:32" hostname="d142-058-214-171.wireless.sfu.ca" time="1.061">
  <properties/>
  <testcase name="contextLoads()" classname="com.sewjo.main.MainApplicationTests" time="1.061"/>
  <system-out><![CDATA[
  .   ____          _            __ _ _
 /\\ / ___'_ __ _ _(_)_ __  __ _ \ \ \ \
( ( )\___ | '_ | '_| | '_ \/ _` | \ \ \ \
 \\/  ___)| |_)| | | | | || (_| |  ) ) ) )
  '  |____| .__|_| |_|_| |_\__, | / / / /
 =========|_|==============|___/=/_/_/_/

 :: Spring Boot ::                (v3.3.2)

2024-08-02T11:48:32.079-07:00  INFO 8820 --- [main] [    Test worker] com.sewjo.main.MainApplicationTests      : Starting MainApplicationTests using Java 17.0.8.1 with PID 8820 (started by jonathanung in /Users/jonathanung/Documents/202402SFU/CMPT 276/Project/sewjo/server/main)
2024-08-02T11:48:32.088-07:00  INFO 8820 --- [main] [    Test worker] com.sewjo.main.MainApplicationTests      : No active profile set, falling back to 1 default profile: "default"
2024-08-02T11:48:32.150-07:00 DEBUG 8820 --- [main] [    Test worker] o.s.b.f.s.DefaultListableBeanFactory     : Creating shared instance of singleton bean 'org.springframework.context.annotation.internalConfigurationAnnotationProcessor'
2024-08-02T11:48:32.161-07:00 DEBUG 8820 --- [main] [    Test worker] o.s.b.f.s.DefaultListableBeanFactory     : Creating shared instance of singleton bean 'org.springframework.boot.autoconfigure.internalCachingMetadataReaderFactory'
2024-08-02T11:48:32.432-07:00 DEBUG 8820 --- [main] [    Test worker] o.s.b.f.s.DefaultListableBeanFactory     : Creating shared instance of singleton bean 'org.springframework.boot.test.mock.mockito.MockitoPostProcessor'
2024-08-02T11:48:32.453-07:00 DEBUG 8820 --- [main] [    Test worker] o.s.b.f.s.DefaultListableBeanFactory     : Creating shared instance of singleton bean 'org.springframework.context.event.internalEventListenerProcessor'
2024-08-02T11:48:32.456-07:00 DEBUG 8820 --- [main] [    Test worker] o.s.b.f.s.DefaultListableBeanFactory     : Creating shared instance of singleton bean 'org.springframework.context.event.internalEventListenerFactory'
2024-08-02T11:48:32.458-07:00 DEBUG 8820 --- [main] [    Test worker] o.s.b.f.s.DefaultListableBeanFactory     : Creating shared instance of singleton bean 'org.springframework.boot.test.mock.mockito.MockitoPostProcessor$SpyPostProcessor'
2024-08-02T11:48:32.460-07:00 DEBUG 8820 --- [main] [    Test worker] o.s.b.f.s.DefaultListableBeanFactory     : Creating shared instance of singleton bean 'org.springframework.context.annotation.internalAutowiredAnnotationProcessor'
2024-08-02T11:48:32.462-07:00 DEBUG 8820 --- [main] [    Test worker] o.s.b.f.s.DefaultListableBeanFactory     : Creating shared instance of singleton bean 'org.springframework.context.annotation.internalCommonAnnotationProcessor'
2024-08-02T11:48:32.465-07:00 DEBUG 8820 --- [main] [    Test worker] o.s.b.f.s.DefaultListableBeanFactory     : Creating shared instance of singleton bean 'org.springframework.context.annotation.internalPersistenceAnnotationProcessor'
2024-08-02T11:48:32.472-07:00 DEBUG 8820 --- [main] [    Test worker] o.s.b.f.s.DefaultListableBeanFactory     : Creating shared instance of singleton bean 'testConfiguration'
2024-08-02T11:48:32.499-07:00 DEBUG 8820 --- [main] [    Test worker] o.s.c.support.DefaultLifecycleProcessor  : Starting beans in phase -2147483647
2024-08-02T11:48:32.499-07:00 DEBUG 8820 --- [main] [    Test worker] o.s.c.support.DefaultLifecycleProcessor  : Successfully started bean 'springBootLoggingLifecycle'
2024-08-02T11:48:32.526-07:00  INFO 8820 --- [main] [    Test worker] com.sewjo.main.MainApplicationTests      : Started MainApplicationTests in 0.969 seconds (process running for 2.477)
]]></system-out>
  <system-err><![CDATA[]]></system-err>
</testsuite>
